<?xml version="1.0" encoding="utf-8"?>
<TestRun id="83e7beb0-c5b2-4453-a964-3ac474f15d12" name="veena@LAPTOP-0UT6NCQI 2023-08-02 11:24:14" runUser="LAPTOP-0UT6NCQI\veena" xmlns="http://microsoft.com/schemas/VisualStudio/TeamTest/2010">
  <Times creation="2023-08-02T11:24:14.9154492+05:30" queuing="2023-08-02T11:24:14.9154492+05:30" start="2023-08-02T11:24:10.3161305+05:30" finish="2023-08-02T12:12:18.3973631+05:30" />
  <TestSettings name="default" id="7b6dd013-4ce4-4b24-96ba-08be57d99310">
    <Deployment runDeploymentRoot="veena_LAPTOP-0UT6NCQI_2023-08-02_11_24_14" />
  </TestSettings>
  <Results>
    <UnitTestResult executionId="5ae60ff8-8216-425a-9b2a-8e7141093bca" testId="43759add-72bd-2fe4-4640-53882bdf8230" testName="TestMethod1" computerName="LAPTOP-0UT6NCQI" duration="00:00:00.0074692" startTime="2023-08-02T11:24:10.5086441+05:30" endTime="2023-08-02T11:24:13.7773873+05:30" testType="13cdc9d9-ddb5-4fa4-a97d-d965ccfc6d4b" outcome="Passed" testListId="8c84fa94-04c1-424b-9868-57a2d4851a1d" relativeResultsDirectory="5ae60ff8-8216-425a-9b2a-8e7141093bca" />
    <UnitTestResult executionId="f3d6824b-2aa1-4bb4-8114-58e8f3d5f493" testId="ea8776ba-1314-2e7c-cac4-6ede86f2f055" testName="Testmethod1" computerName="LAPTOP-0UT6NCQI" duration="00:00:00.0053040" startTime="2023-08-02T11:24:10.5086441+05:30" endTime="2023-08-02T11:24:13.7773873+05:30" testType="13cdc9d9-ddb5-4fa4-a97d-d965ccfc6d4b" outcome="Passed" testListId="8c84fa94-04c1-424b-9868-57a2d4851a1d" relativeResultsDirectory="f3d6824b-2aa1-4bb4-8114-58e8f3d5f493">
      <Output>
        <StdOut>this is testmethod 1</StdOut>
      </Output>
    </UnitTestResult>
  </Results>
  <TestDefinitions>
    <UnitTest name="TestMethod1" storage="d:\visualstudiorepos\unittestprojectframework1\unittestprojectframework1\bin\debug\unittestprojectframework1.dll" id="43759add-72bd-2fe4-4640-53882bdf8230">
      <Execution id="5ae60ff8-8216-425a-9b2a-8e7141093bca" />
      <TestMethod codeBase="D:\VisualStudioRepos\UnitTestProjectFramework1\UnitTestProjectFramework1\bin\Debug\UnitTestProjectFramework1.dll" adapterTypeName="executor://mstestadapter/v2" className="UnitTestProjectFramework1.UnitTest1" name="TestMethod1" />
    </UnitTest>
    <UnitTest name="Testmethod1" storage="d:\visualstudiorepos\unittestprojectframework1\unittestprojectframework1\bin\debug\unittestprojectframework1.dll" priority="0" id="ea8776ba-1314-2e7c-cac4-6ede86f2f055">
      <TestCategory>
        <TestCategoryItem TestCategory="Priority execution" />
      </TestCategory>
      <Execution id="f3d6824b-2aa1-4bb4-8114-58e8f3d5f493" />
      <TestMethod codeBase="D:\VisualStudioRepos\UnitTestProjectFramework1\UnitTestProjectFramework1\bin\Debug\UnitTestProjectFramework1.dll" adapterTypeName="executor://mstestadapter/v2" className="UnitTestProjectFramework1.Attri13.priorityTestscripts.Priority" name="Testmethod1" />
    </UnitTest>
  </TestDefinitions>
  <TestEntries>
    <TestEntry testId="43759add-72bd-2fe4-4640-53882bdf8230" executionId="5ae60ff8-8216-425a-9b2a-8e7141093bca" testListId="8c84fa94-04c1-424b-9868-57a2d4851a1d" />
    <TestEntry testId="ea8776ba-1314-2e7c-cac4-6ede86f2f055" executionId="f3d6824b-2aa1-4bb4-8114-58e8f3d5f493" testListId="8c84fa94-04c1-424b-9868-57a2d4851a1d" />
  </TestEntries>
  <TestLists>
    <TestList name="Results Not in a List" id="8c84fa94-04c1-424b-9868-57a2d4851a1d" />
    <TestList name="All Loaded Results" id="19431567-8539-422a-85d7-44ee4e166bda" />
  </TestLists>
  <ResultSummary outcome="Completed">
    <Counters total="2" executed="2" passed="2" failed="0" error="0" timeout="0" aborted="0" inconclusive="0" passedButRunAborted="0" notRunnable="0" notExecuted="0" disconnected="0" warning="0" completed="0" inProgress="0" pending="0" />
    <Output>
      <StdOut>MSTest Executor: Test Parallelization enabled for D:\VisualStudioRepos\UnitTestProjectFramework1\UnitTestProjectFramework1\bin\Debug\UnitTestProjectFramework1.dll (Workers: 3, Scope: MethodLevel).&#xD;
</StdOut>
    </Output>
  </ResultSummary>
</TestRun>